2025-11-17 16:06:50,753 [INFO] Activator:176 - 


2025-11-17 16:06:50,756 [INFO] Activator:177 - !SESSION log4j initialized
2025-11-17 16:06:53,423 [INFO] LogOutputStream:77 - [STDOUT_REDIRECT] 
2025-11-17 16:06:55,027 [INFO] ApplicationProperties:184 - Using Application install path: C:\ST\STM32CubeIDE_1.10.1\STM32CubeIDE\plugins\com.st.stm32cube.common.mx_6.12.1.202409122256
2025-11-17 16:06:55,050 [INFO] DbMcusXml:78 - Set database path to: C:\ST\STM32CubeIDE_1.10.1\STM32CubeIDE\plugins\com.st.stm32cube.common.mx_6.12.1.202409122256\\db\/mcu/
2025-11-17 16:06:55,051 [INFO] ApiDb:274 - Set plugin database path to: C:\ST\STM32CubeIDE_1.10.1\STM32CubeIDE\plugins\com.st.stm32cube.common.mx_6.12.1.202409122256\\db\/plugins/boardmanager/
2025-11-17 16:06:55,051 [WARN] ApiDb:259 - Overriding images path with different value:  => C:\ST\STM32CubeIDE_1.10.1\STM32CubeIDE\plugins\com.st.stm32cube.common.mx_6.12.1.202409122256\\db\/plugins/mcufinder/images/
2025-11-17 16:06:55,063 [INFO] ApiDb:250 - Set database path to: C:\Users\Student\.stmcufinder\plugins\mcufinder//mcu/
2025-11-17 16:06:55,064 [INFO] DbMcusAds:125 - Set database path to: C:\Users\Student\.stmcufinder\plugins\mcufinder//mcu/
2025-11-17 16:06:55,066 [INFO] CrossReferenceDbSqlite:203 - Set database path to: C:\Users\Student\.stmcufinder\plugins\mcufinder//mcu/cs/
2025-11-17 16:06:55,181 [INFO] RulesReader:64 - Compatibility file has been processed (297 Rules)
2025-11-17 16:06:55,264 [INFO] DbMcusXml:78 - Set database path to: C:\ST\STM32CubeIDE_1.10.1\STM32CubeIDE\plugins\com.st.stm32cube.common.mx_6.12.1.202409122256\\db\/mcu/
2025-11-17 16:06:55,264 [INFO] ApiDb:274 - Set plugin database path to: C:\ST\STM32CubeIDE_1.10.1\STM32CubeIDE\plugins\com.st.stm32cube.common.mx_6.12.1.202409122256\\db\/plugins/boardmanager/
2025-11-17 16:06:55,264 [INFO] ApiDb:261 - Set plugin images path to: C:\ST\STM32CubeIDE_1.10.1\STM32CubeIDE\plugins\com.st.stm32cube.common.mx_6.12.1.202409122256\\db\/plugins/mcufinder/images/
2025-11-17 16:06:55,264 [WARN] DbFile:41 - Overriding database path with different value: C:\Users\Student\.stmcufinder\plugins\mcufinder/ => C:\Users\Student\.stmcufinder\plugins\mcufinder
2025-11-17 16:06:55,264 [INFO] ApiDb:250 - Set database path to: C:\Users\Student\.stmcufinder\plugins\mcufinder//mcu/
2025-11-17 16:06:55,264 [WARN] DbFile:41 - Overriding database path with different value: C:\Users\Student\.stmcufinder\plugins\mcufinder/ => C:\Users\Student\.stmcufinder\plugins\mcufinder
2025-11-17 16:06:55,265 [INFO] DbMcusAds:125 - Set database path to: C:\Users\Student\.stmcufinder\plugins\mcufinder//mcu/
2025-11-17 16:06:55,265 [WARN] DbFile:41 - Overriding database path with different value: C:\Users\Student\.stmcufinder\plugins\mcufinder/ => C:\Users\Student\.stmcufinder\plugins\mcufinder
2025-11-17 16:06:55,265 [WARN] DbFile:41 - Overriding database path with different value: C:\Users\Student\.stmcufinder\plugins\mcufinder/ => C:\Users\Student\.stmcufinder\plugins\mcufinder
2025-11-17 16:06:55,265 [INFO] CrossReferenceDbSqlite:203 - Set database path to: C:\Users\Student\.stmcufinder\plugins\mcufinder//mcu/cs/
2025-11-17 16:06:55,353 [INFO] MainPanel:268 - HeapMemory: 268435456
2025-11-17 16:06:55,455 [INFO] DbMcusXml:78 - Set database path to: C:\ST\STM32CubeIDE_1.10.1\STM32CubeIDE\plugins\com.st.stm32cube.common.mx_6.12.1.202409122256\\db\/mcu/
2025-11-17 16:06:55,455 [INFO] ApiDb:274 - Set plugin database path to: C:\ST\STM32CubeIDE_1.10.1\STM32CubeIDE\plugins\com.st.stm32cube.common.mx_6.12.1.202409122256\\db\/plugins/boardmanager/
2025-11-17 16:06:55,455 [INFO] ApiDb:261 - Set plugin images path to: C:\ST\STM32CubeIDE_1.10.1\STM32CubeIDE\plugins\com.st.stm32cube.common.mx_6.12.1.202409122256\\db\/plugins/mcufinder/images/
2025-11-17 16:06:55,455 [WARN] DbFile:41 - Overriding database path with different value: C:\Users\Student\.stmcufinder\plugins\mcufinder/ => C:\Users\Student\.stmcufinder\plugins\mcufinder
2025-11-17 16:06:55,455 [INFO] ApiDb:250 - Set database path to: C:\Users\Student\.stmcufinder\plugins\mcufinder//mcu/
2025-11-17 16:06:55,455 [WARN] DbFile:41 - Overriding database path with different value: C:\Users\Student\.stmcufinder\plugins\mcufinder/ => C:\Users\Student\.stmcufinder\plugins\mcufinder
2025-11-17 16:06:55,455 [INFO] DbMcusAds:125 - Set database path to: C:\Users\Student\.stmcufinder\plugins\mcufinder//mcu/
2025-11-17 16:06:55,456 [WARN] DbFile:41 - Overriding database path with different value: C:\Users\Student\.stmcufinder\plugins\mcufinder/ => C:\Users\Student\.stmcufinder\plugins\mcufinder
2025-11-17 16:06:55,456 [WARN] DbFile:41 - Overriding database path with different value: C:\Users\Student\.stmcufinder\plugins\mcufinder/ => C:\Users\Student\.stmcufinder\plugins\mcufinder
2025-11-17 16:06:55,456 [INFO] CrossReferenceDbSqlite:203 - Set database path to: C:\Users\Student\.stmcufinder\plugins\mcufinder//mcu/cs/
2025-11-17 16:06:55,473 [INFO] ApplicationProperties:184 - Using Application install path: C:\ST\STM32CubeIDE_1.10.1\STM32CubeIDE\plugins\com.st.stm32cube.common.mx_6.12.1.202409122256
2025-11-17 16:06:55,475 [INFO] PluginManage:196 - Search for loadable plugins [exclusion list=, ]
2025-11-17 16:06:55,477 [INFO] PluginManage:310 - Check plugin analytics
2025-11-17 16:06:55,663 [INFO] AnalyticsPlugin:253 - Accepted Software Licenses: 
2025-11-17 16:06:55,664 [INFO] AnalyticsPlugin:255 - Accepted CMSIS Pack Licenses: 
2025-11-17 16:06:55,664 [INFO] AnalyticsPlugin:257 - Accepted Firmware Licenses: 
2025-11-17 16:06:55,667 [INFO] PluginManage:359 - Loaded plugin analytics (category:tool,tabindex:-1)
2025-11-17 16:06:55,667 [INFO] PluginManage:310 - Check plugin cadmodel
2025-11-17 16:06:55,673 [INFO] CADModel:105 - Init CAD model plugin
2025-11-17 16:06:55,673 [INFO] PluginManage:359 - Loaded plugin cadmodel (category:power,tabindex:5)
2025-11-17 16:06:55,673 [INFO] PluginManage:310 - Check plugin clock
2025-11-17 16:06:55,685 [INFO] PluginManage:359 - Loaded plugin clock (category:base,tabindex:2)
2025-11-17 16:06:55,685 [INFO] PluginManage:310 - Check plugin ddr
2025-11-17 16:06:55,689 [INFO] PluginManage:359 - Loaded plugin ddr (category:tool,tabindex:6)
2025-11-17 16:06:55,689 [INFO] PluginManage:310 - Check plugin filemanager
2025-11-17 16:06:55,881 [INFO] PluginManage:359 - Loaded plugin filemanager (category:base,tabindex:10)
2025-11-17 16:06:55,881 [INFO] PluginManage:310 - Check plugin ipmanager
2025-11-17 16:06:55,889 [INFO] PluginManage:359 - Loaded plugin ipmanager (category:base,tabindex:5)
2025-11-17 16:06:55,889 [INFO] PluginManage:310 - Check plugin lpbam
2025-11-17 16:06:55,897 [INFO] PluginManage:359 - Loaded plugin lpbam (category:base,tabindex:0)
2025-11-17 16:06:55,897 [INFO] PluginManage:310 - Check plugin memorymap
2025-11-17 16:06:55,911 [INFO] PluginManage:359 - Loaded plugin memorymap (category:base,tabindex:4)
2025-11-17 16:06:55,912 [INFO] PluginManage:310 - Check plugin pinoutandconfiguration
2025-11-17 16:06:55,921 [INFO] PluginManage:359 - Loaded plugin pinoutandconfiguration (category:base,tabindex:1)
2025-11-17 16:06:55,921 [INFO] PluginManage:310 - Check plugin pinoutconfig
2025-11-17 16:06:56,001 [WARN] SupportedApi:132 - Cannot load RTOS API schema: s4s-elt-must-match.1: The content of 'definitions' must match (annotation?, (simpleType | complexType)?, (unique | key | keyref)*)). A problem was found starting at: attribute.
2025-11-17 16:06:56,142 [INFO] PluginManage:359 - Loaded plugin pinoutconfig (category:base,tabindex:0)
2025-11-17 16:06:56,142 [INFO] PluginManage:310 - Check plugin power
2025-11-17 16:06:56,152 [INFO] PluginManage:359 - Loaded plugin power (category:power,tabindex:4)
2025-11-17 16:06:56,152 [INFO] PluginManage:310 - Check plugin projectmanager
2025-11-17 16:06:56,169 [INFO] PluginManage:359 - Loaded plugin projectmanager (category:projectmanager,tabindex:4)
2025-11-17 16:06:56,170 [INFO] PluginManage:310 - Check plugin rif
2025-11-17 16:06:56,177 [INFO] PluginManage:359 - Loaded plugin rif (category:base,tabindex:3)
2025-11-17 16:06:56,178 [INFO] PluginManage:310 - Check plugin thirdparty
2025-11-17 16:06:56,315 [WARN] IntegrityCheckThread:84 - waiting for thirdparty lock release [integrity check]
2025-11-17 16:06:56,315 [INFO] PluginManage:359 - Loaded plugin thirdparty (category:base,tabindex:-1)
2025-11-17 16:06:56,315 [INFO] IntegrityCheckThread:86 - entering critical section [integrity check]
2025-11-17 16:06:56,315 [INFO] PluginManage:310 - Check plugin tools
2025-11-17 16:06:56,316 [INFO] ThirdPartyUpdaterWithRetryManager:70 - Updater plugin not ready yet. [1/15]
2025-11-17 16:06:56,318 [INFO] PluginManage:359 - Loaded plugin tools (category:base,tabindex:7)
2025-11-17 16:06:56,318 [INFO] PluginManage:310 - Check plugin tutovideos
2025-11-17 16:06:56,487 [INFO] PluginManage:359 - Loaded plugin tutovideos (category:base,tabindex:-1)
2025-11-17 16:06:56,488 [INFO] PluginManage:310 - Check plugin updater
2025-11-17 16:06:56,504 [INFO] PluginManage:359 - Loaded plugin updater (category:base,tabindex:12)
2025-11-17 16:06:56,504 [INFO] PluginManage:310 - Check plugin userauth
2025-11-17 16:06:56,510 [INFO] UserAuth:113 - Init User Auth plugin
2025-11-17 16:06:56,510 [INFO] PluginManage:359 - Loaded plugin userauth (category:base,tabindex:14)
2025-11-17 16:06:56,511 [INFO] PluginManage:283 - PluginManage : Loaded plugins [18]
2025-11-17 16:06:56,718 [INFO] PinOutPanel:1561 - setPackage(No Configuration,No Configuration)
2025-11-17 16:06:56,805 [INFO] CADModel:165 - CPN selected for project level
2025-11-17 16:06:56,805 [INFO] CADModel:114 - Register for checkConnection events
2025-11-17 16:06:56,820 [INFO] IPUIPlugin:80 - create IPUIPlugin
2025-11-17 16:06:56,821 [INFO] PluginManager:220 - loadIPPluginJar : add adc
2025-11-17 16:06:56,823 [INFO] IPUIPlugin:80 - create IPUIPlugin
2025-11-17 16:06:56,823 [INFO] PluginManager:220 - loadIPPluginJar : add aes
2025-11-17 16:06:56,827 [INFO] IPUIPlugin:80 - create IPUIPlugin
2025-11-17 16:06:56,827 [INFO] PluginManager:220 - loadIPPluginJar : add can
2025-11-17 16:06:56,829 [INFO] IPUIPlugin:80 - create IPUIPlugin
2025-11-17 16:06:56,829 [INFO] PluginManager:220 - loadIPPluginJar : add comp
2025-11-17 16:06:56,831 [INFO] IPUIPlugin:80 - create IPUIPlugin
2025-11-17 16:06:56,832 [INFO] PluginManager:220 - loadIPPluginJar : add cryp
2025-11-17 16:06:56,834 [INFO] IPUIPlugin:80 - create IPUIPlugin
2025-11-17 16:06:56,835 [INFO] PluginManager:220 - loadIPPluginJar : add ddr_ctrl_phy
2025-11-17 16:06:56,837 [INFO] IPUIPlugin:80 - create IPUIPlugin
2025-11-17 16:06:56,837 [INFO] PluginManager:220 - loadIPPluginJar : add dfsdm
2025-11-17 16:06:56,843 [INFO] IPUIPlugin:80 - create IPUIPlugin
2025-11-17 16:06:56,843 [INFO] PluginManager:220 - loadIPPluginJar : add dma
2025-11-17 16:06:56,846 [INFO] IPUIPlugin:80 - create IPUIPlugin
2025-11-17 16:06:56,846 [INFO] PluginManager:220 - loadIPPluginJar : add dma3
2025-11-17 16:06:56,849 [INFO] IPUIPlugin:80 - create IPUIPlugin
2025-11-17 16:06:56,849 [INFO] PluginManager:220 - loadIPPluginJar : add extmemmanager
2025-11-17 16:06:56,850 [INFO] IPUIPlugin:80 - create IPUIPlugin
2025-11-17 16:06:56,851 [INFO] PluginManager:220 - loadIPPluginJar : add fatfs
2025-11-17 16:06:56,855 [INFO] IPUIPlugin:80 - create IPUIPlugin
2025-11-17 16:06:56,855 [INFO] PluginManager:220 - loadIPPluginJar : add fmc
2025-11-17 16:06:56,861 [INFO] IPUIPlugin:80 - create IPUIPlugin
2025-11-17 16:06:56,862 [INFO] PluginManager:220 - loadIPPluginJar : add freertos
2025-11-17 16:06:56,863 [INFO] IPUIPlugin:80 - create IPUIPlugin
2025-11-17 16:06:56,863 [INFO] PluginManager:220 - loadIPPluginJar : add genericplugin
2025-11-17 16:06:56,866 [INFO] IPUIPlugin:80 - create IPUIPlugin
2025-11-17 16:06:56,866 [INFO] PluginManager:220 - loadIPPluginJar : add gfxmmu
2025-11-17 16:06:56,870 [INFO] IPUIPlugin:80 - create IPUIPlugin
2025-11-17 16:06:56,870 [INFO] PluginManager:220 - loadIPPluginJar : add gic
2025-11-17 16:06:56,877 [INFO] IPUIPlugin:80 - create IPUIPlugin
2025-11-17 16:06:56,877 [INFO] PluginManager:220 - loadIPPluginJar : add gpio
2025-11-17 16:06:56,880 [INFO] IPUIPlugin:80 - create IPUIPlugin
2025-11-17 16:06:56,880 [INFO] PluginManager:220 - loadIPPluginJar : add gtzc
2025-11-17 16:06:56,882 [INFO] IPUIPlugin:80 - create IPUIPlugin
2025-11-17 16:06:56,882 [INFO] PluginManager:220 - loadIPPluginJar : add hash
2025-11-17 16:06:56,885 [INFO] IPUIPlugin:80 - create IPUIPlugin
2025-11-17 16:06:56,885 [INFO] PluginManager:220 - loadIPPluginJar : add i2c
2025-11-17 16:06:56,888 [INFO] IPUIPlugin:80 - create IPUIPlugin
2025-11-17 16:06:56,888 [INFO] PluginManager:220 - loadIPPluginJar : add i2s
2025-11-17 16:06:56,891 [INFO] IPUIPlugin:80 - create IPUIPlugin
2025-11-17 16:06:56,891 [INFO] PluginManager:220 - loadIPPluginJar : add i3c
2025-11-17 16:06:56,895 [INFO] IPUIPlugin:80 - create IPUIPlugin
2025-11-17 16:06:56,895 [INFO] PluginManager:220 - loadIPPluginJar : add ipddr
2025-11-17 16:06:56,902 [INFO] IPUIPlugin:80 - create IPUIPlugin
2025-11-17 16:06:56,903 [INFO] PluginManager:220 - loadIPPluginJar : add linkedlist
2025-11-17 16:06:56,906 [INFO] IPUIPlugin:80 - create IPUIPlugin
2025-11-17 16:06:56,906 [INFO] PluginManager:220 - loadIPPluginJar : add lorawan
2025-11-17 16:06:56,908 [INFO] IPUIPlugin:80 - create IPUIPlugin
2025-11-17 16:06:56,908 [INFO] PluginManager:220 - loadIPPluginJar : add ltdc
2025-11-17 16:06:56,914 [INFO] IPUIPlugin:80 - create IPUIPlugin
2025-11-17 16:06:56,914 [INFO] PluginManager:220 - loadIPPluginJar : add mdma
2025-11-17 16:06:56,917 [INFO] IPUIPlugin:80 - create IPUIPlugin
2025-11-17 16:06:56,917 [INFO] PluginManager:220 - loadIPPluginJar : add nvic
2025-11-17 16:06:56,921 [INFO] IPUIPlugin:80 - create IPUIPlugin
2025-11-17 16:06:56,921 [INFO] PluginManager:220 - loadIPPluginJar : add opamp
2025-11-17 16:06:56,924 [INFO] IPUIPlugin:80 - create IPUIPlugin
2025-11-17 16:06:56,924 [INFO] PluginManager:220 - loadIPPluginJar : add openamp
2025-11-17 16:06:56,928 [INFO] IPUIPlugin:80 - create IPUIPlugin
2025-11-17 16:06:56,928 [INFO] PluginManager:220 - loadIPPluginJar : add pdm2pcm
2025-11-17 16:06:56,934 [INFO] IPUIPlugin:80 - create IPUIPlugin
2025-11-17 16:06:56,936 [INFO] PluginManager:220 - loadIPPluginJar : add plateformsettings
2025-11-17 16:06:56,938 [INFO] IPUIPlugin:80 - create IPUIPlugin
2025-11-17 16:06:56,938 [INFO] PluginManager:220 - loadIPPluginJar : add quadspi
2025-11-17 16:06:56,940 [INFO] IPUIPlugin:80 - create IPUIPlugin
2025-11-17 16:06:56,941 [INFO] PluginManager:220 - loadIPPluginJar : add radio
2025-11-17 16:06:56,948 [INFO] IPUIPlugin:80 - create IPUIPlugin
2025-11-17 16:06:56,948 [INFO] PluginManager:220 - loadIPPluginJar : add resmgrutility
2025-11-17 16:06:56,951 [INFO] IPUIPlugin:80 - create IPUIPlugin
2025-11-17 16:06:56,951 [INFO] PluginManager:220 - loadIPPluginJar : add sai
2025-11-17 16:06:56,954 [INFO] IPUIPlugin:80 - create IPUIPlugin
2025-11-17 16:06:56,954 [INFO] PluginManager:220 - loadIPPluginJar : add spi
2025-11-17 16:06:56,960 [INFO] IPUIPlugin:80 - create IPUIPlugin
2025-11-17 16:06:56,960 [INFO] PluginManager:220 - loadIPPluginJar : add stm32_wpan
2025-11-17 16:06:56,964 [INFO] IPUIPlugin:80 - create IPUIPlugin
2025-11-17 16:06:56,964 [INFO] PluginManager:220 - loadIPPluginJar : add tim
2025-11-17 16:06:56,967 [INFO] IPUIPlugin:80 - create IPUIPlugin
2025-11-17 16:06:56,967 [INFO] PluginManager:220 - loadIPPluginJar : add touchsensing
2025-11-17 16:06:56,970 [INFO] IPUIPlugin:80 - create IPUIPlugin
2025-11-17 16:06:56,970 [INFO] PluginManager:220 - loadIPPluginJar : add tracer_emb
2025-11-17 16:06:56,972 [INFO] IPUIPlugin:80 - create IPUIPlugin
2025-11-17 16:06:56,972 [INFO] PluginManager:220 - loadIPPluginJar : add ts
2025-11-17 16:06:56,975 [INFO] IPUIPlugin:80 - create IPUIPlugin
2025-11-17 16:06:56,975 [INFO] PluginManager:220 - loadIPPluginJar : add tsc
2025-11-17 16:06:56,979 [INFO] IPUIPlugin:80 - create IPUIPlugin
2025-11-17 16:06:56,979 [INFO] PluginManager:220 - loadIPPluginJar : add ucpd
2025-11-17 16:06:56,982 [INFO] IPUIPlugin:80 - create IPUIPlugin
2025-11-17 16:06:56,982 [INFO] PluginManager:220 - loadIPPluginJar : add usart
2025-11-17 16:06:56,985 [INFO] IPUIPlugin:80 - create IPUIPlugin
2025-11-17 16:06:56,985 [INFO] PluginManager:220 - loadIPPluginJar : add usbx
2025-11-17 16:06:57,112 [INFO] CADModel:165 - CPN selected for project level
2025-11-17 16:06:57,112 [INFO] CADModel:114 - Register for checkConnection events
2025-11-17 16:06:57,113 [FATAL] Updater:334 - Updater called before beeing initialized
2025-11-17 16:06:57,113 [ERROR] CADModel:125 - Updater not yet initialized, retry later 
2025-11-17 16:06:57,248 [INFO] CADModel:165 - CPN selected for project level
2025-11-17 16:06:57,248 [INFO] CADModel:114 - Register for checkConnection events
2025-11-17 16:06:57,248 [FATAL] Updater:334 - Updater called before beeing initialized
2025-11-17 16:06:57,248 [ERROR] CADModel:125 - Updater not yet initialized, retry later 
2025-11-17 16:06:57,251 [FATAL] Updater:334 - Updater called before beeing initialized
2025-11-17 16:06:57,364 [FATAL] Updater:334 - Updater called before beeing initialized
2025-11-17 16:06:57,368 [INFO] DbMcusAds:53 - JSON generation date=Mon Nov 10 11:43:01 CET 2025 (1762771381096)
2025-11-17 16:06:57,368 [FATAL] Updater:334 - Updater called before beeing initialized
2025-11-17 16:06:57,406 [WARN] DetailPanel:346 - Failed to get advertising image, set to default
2025-11-17 16:06:57,488 [FATAL] Updater:334 - Updater called before beeing initialized
2025-11-17 16:06:57,489 [FATAL] Updater:334 - Updater called before beeing initialized
2025-11-17 16:06:57,489 [FATAL] Updater:334 - Updater called before beeing initialized
2025-11-17 16:06:57,490 [WARN] DetailPanel:346 - Failed to get advertising image, set to default
2025-11-17 16:06:57,490 [FATAL] Updater:334 - Updater called before beeing initialized
2025-11-17 16:06:57,540 [ERROR] Updater:1164 - MainUpdater not yet initialized. External WinMGr cannot be set.
2025-11-17 16:06:57,543 [INFO] Updater:1100 - Updater Version found : 6.12.1
2025-11-17 16:06:57,564 [INFO] ApplicationProperties:184 - Using Application install path: C:\ST\STM32CubeIDE_1.10.1\STM32CubeIDE\plugins\com.st.stm32cube.common.mx_6.12.1.202409122256
2025-11-17 16:06:59,142 [ERROR] LogOutputStream:75 - [STDERR_REDIRECT] Nov 17, 2025 4:06:59 PM java.util.prefs.WindowsPreferences <init>
2025-11-17 16:06:59,144 [ERROR] LogOutputStream:75 - [STDERR_REDIRECT] WARNING: Could not open/create prefs root node Software\JavaSoft\Prefs at root 0xffffffff80000002. Windows RegCreateKeyEx(...) returned error code 5.
2025-11-17 16:06:59,144 [ERROR] LogOutputStream:75 - [STDERR_REDIRECT] 
2025-11-17 16:06:59,317 [INFO] ThirdPartyUpdaterWithRetryManager:70 - Updater plugin not ready yet. [2/15]
2025-11-17 16:07:00,430 [INFO] MainUpdater:2873 - connection check result : 10
2025-11-17 16:07:00,431 [INFO] MainUpdater:290 - Updater Check For Update Now.
2025-11-17 16:07:00,431 [INFO] MicroXplorer:498 - Change Database Version : DB.6.0.121
2025-11-17 16:07:00,438 [INFO] McuFinderGlobals:63 - Set McuFinder mode to 2 (CubeIDE integrated)
2025-11-17 16:07:00,438 [INFO] UserAuth:179 - activating auth plugin
2025-11-17 16:07:00,442 [INFO] UserAuth:417 - Internet connection configuration mode: 1
2025-11-17 16:07:00,472 [INFO] JxBrowserEngine:152 - Initiate JxBrowser Engine with user profile folder
2025-11-17 16:07:00,626 [INFO] CheckServerUpdateThread:120 - End of CheckServer Thread
2025-11-17 16:07:01,447 [INFO] WebApp:167 - Instantiating new browser for Auth
2025-11-17 16:07:02,212 [INFO] WebApp:448 - Apply proxy settings
2025-11-17 16:07:02,213 [INFO] WebApp:533 - Chromium requires no authentication
2025-11-17 16:07:02,223 [INFO] WebApp:476 - Direct internet connection detected
2025-11-17 16:07:02,253 [INFO] WebApp:869 - Register for checkConnection events
2025-11-17 16:07:02,254 [INFO] WebApp:448 - Apply proxy settings
2025-11-17 16:07:02,254 [INFO] WebApp:533 - Chromium requires no authentication
2025-11-17 16:07:02,254 [INFO] WebApp:476 - Direct internet connection detected
2025-11-17 16:07:02,567 [INFO] WebApp:220 - Starting web application
2025-11-17 16:07:02,568 [INFO] WebApp:578 - Web application path used C:\ST\STM32CubeIDE_1.10.1\STM32CubeIDE\plugins\com.st.stm32cube.common.mx_6.12.1.202409122256\db\plugins\mcufinder\reactClient1\index.html
2025-11-17 16:07:02,738 [WARN] PackLoader:240 - Cannot read IP mode file for STMicroelectronics.FP-SNS-MOTENVWB1.1.4.0
2025-11-17 16:07:02,751 [WARN] PackLoader:240 - Cannot read IP mode file for STMicroelectronics.FP-ATR-ASTRA1.2.0.2
2025-11-17 16:07:02,756 [WARN] PackLoader:240 - Cannot read IP mode file for STMicroelectronics.FP-ATR-ASTRA1.2.0.1
2025-11-17 16:07:02,768 [WARN] PackLoader:240 - Cannot read IP mode file for STMicroelectronics.X-CUBE-SMBUS.2.1.0
2025-11-17 16:07:02,777 [WARN] PackLoader:240 - Cannot read IP mode file for STMicroelectronics.X-CUBE-WB05N.1.1.0
2025-11-17 16:07:02,783 [ERROR] Engine:466 - C:\Users\Student\.stm32cubemx\thirdparties\pdsc\STMicroelectronics.X-CUBE-ST60.1.0.0.pdsc: PDSC version is not supported
2025-11-17 16:07:02,817 [WARN] PackLoader:240 - Cannot read IP mode file for STMicroelectronics.X-CUBE-AZRTOS-F7.1.1.0
2025-11-17 16:07:02,894 [WARN] PackLoader:240 - Cannot read IP mode file for STMicroelectronics.X-CUBE-MEMS1.11.0.0
2025-11-17 16:07:03,100 [ERROR] Engine:466 - C:\Users\Student\.stm32cubemx\thirdparties\pdsc\STMicroelectronics.FP-SNS-MOTENV1.5.1.0.pdsc: PDSC version is not supported
2025-11-17 16:07:03,105 [WARN] PackLoader:240 - Cannot read IP mode file for STMicroelectronics.FP-SNS-FLIGHT1.5.0.2
2025-11-17 16:07:03,126 [WARN] PackLoader:240 - Cannot read IP mode file for STMicroelectronics.X-CUBE-AZRTOS-H7.3.4.0
2025-11-17 16:07:03,136 [WARN] PackLoader:240 - Cannot read IP mode file for STMicroelectronics.X-CUBE-DISPLAY.3.0.0
2025-11-17 16:07:03,144 [WARN] PackLoader:240 - Cannot read IP mode file for STMicroelectronics.X-CUBE-BLE1.7.0.0
2025-11-17 16:07:03,150 [WARN] PackLoader:240 - Cannot read IP mode file for STMicroelectronics.X-CUBE-NFC10.1.0.0
2025-11-17 16:07:03,159 [WARN] PackLoader:240 - Cannot read IP mode file for STMicroelectronics.X-CUBE-BLEMGR.4.0.0
2025-11-17 16:07:03,163 [ERROR] Engine:466 - C:\Users\Student\.stm32cubemx\thirdparties\pdsc\STMicroelectronics.X-CUBE-ST60.1.1.0.pdsc: PDSC version is not supported
2025-11-17 16:07:03,169 [WARN] PackLoader:240 - Cannot read IP mode file for emotas.I-CUBE-CANOPEN.1.3.0
2025-11-17 16:07:03,173 [WARN] PackLoader:240 - Cannot read IP mode file for STMicroelectronics.X-CUBE-GNSS1.7.1.0
2025-11-17 16:07:03,182 [WARN] PackLoader:240 - Cannot read IP mode file for STMicroelectronics.X-CUBE-BLEMGR.3.1.0
2025-11-17 16:07:03,188 [WARN] PackLoader:240 - Cannot read IP mode file for STMicroelectronics.X-CUBE-AI.10.0.0
2025-11-17 16:07:03,190 [ERROR] Engine:466 - C:\Users\Student\.stm32cubemx\thirdparties\pdsc\STMicroelectronics.FP-SNS-STBOX1.2.1.0.pdsc: PDSC version is not supported
2025-11-17 16:07:03,195 [WARN] PackLoader:240 - Cannot read IP mode file for STMicroelectronics.FP-SNS-SMARTAG2.1.2.0
2025-11-17 16:07:03,197 [ERROR] Engine:466 - C:\Users\Student\.stm32cubemx\thirdparties\pdsc\STMicroelectronics.FP-SNS-FLIGHT1.5.1.0.pdsc: PDSC version is not supported
2025-11-17 16:07:03,243 [WARN] PackLoader:240 - Cannot read IP mode file for STMicroelectronics.X-CUBE-MEMS1.11.1.0
2025-11-17 16:07:03,347 [INFO] LogOutputStream:77 - [STDOUT_REDIRECT] 1 : Invalid condition id : UX_CORESTACK_Condition cause : null
2025-11-17 16:07:03,347 [INFO] LogOutputStream:77 - [STDOUT_REDIRECT] 1 : Invalid condition id : UX_CORESTACK_Condition cause : null
2025-11-17 16:07:03,349 [INFO] LogOutputStream:77 - [STDOUT_REDIRECT] 1 : Invalid condition id : UX_CORESTACK_Condition cause : null
2025-11-17 16:07:03,350 [INFO] LogOutputStream:77 - [STDOUT_REDIRECT] 1 : Invalid condition id : UX_CORESTACK_Condition cause : null
2025-11-17 16:07:03,351 [INFO] LogOutputStream:77 - [STDOUT_REDIRECT] 1 : Invalid condition id : UX_CORESTACK_Condition cause : null
2025-11-17 16:07:03,353 [WARN] PackLoader:240 - Cannot read IP mode file for STMicroelectronics.X-CUBE-AZRTOS-WL.2.0.0
2025-11-17 16:07:03,359 [WARN] PackLoader:240 - Cannot read IP mode file for STMicroelectronics.FP-SNS-MOTENV1.5.0.0
2025-11-17 16:07:03,365 [WARN] PackLoader:240 - Cannot read IP mode file for wolfSSL.I-CUBE-wolfMQTT.1.19.0
2025-11-17 16:07:03,371 [WARN] PackLoader:240 - Cannot read IP mode file for WES.I-CUBE-Cesium.1.3.0
2025-11-17 16:07:03,375 [WARN] PackLoader:240 - Cannot read IP mode file for STMicroelectronics.X-CUBE-BLE2.3.3.0
2025-11-17 16:07:03,378 [ERROR] Engine:466 - C:\Users\Student\.stm32cubemx\thirdparties\pdsc\Avnet-IOTCONNECT.X-CUBE-iotc-st67-sdk.1.0.0.pdsc: PDSC version is not supported
2025-11-17 16:07:03,383 [WARN] PackLoader:240 - Cannot read IP mode file for STMicroelectronics.X-CUBE-NFC9.1.0.0
2025-11-17 16:07:03,387 [WARN] PackLoader:240 - Cannot read IP mode file for STMicroelectronics.X-CUBE-BLE1.7.1.0
2025-11-17 16:07:03,392 [WARN] PackLoader:240 - Cannot read IP mode file for STMicroelectronics.X-CUBE-TCPP.4.1.0
2025-11-17 16:07:03,399 [WARN] PackLoader:240 - Cannot read IP mode file for STMicroelectronics.X-CUBE-EEPRMA1.5.2.0
2025-11-17 16:07:03,404 [ERROR] Engine:466 - C:\Users\Student\.stm32cubemx\thirdparties\pdsc\STMicroelectronics.X-CUBE-ST67W61.1.1.0.pdsc: PDSC version is not supported
2025-11-17 16:07:03,408 [WARN] PackLoader:240 - Cannot read IP mode file for STMicroelectronics.X-CUBE-AI.10.1.0
2025-11-17 16:07:03,469 [WARN] PackLoader:240 - Cannot read IP mode file for STMicroelectronics.X-CUBE-MEMS1.11.2.0
2025-11-17 16:07:03,552 [INFO] WebApp:186 - Connection restablished
2025-11-17 16:07:03,623 [WARN] PackLoader:240 - Cannot read IP mode file for STMicroelectronics.X-CUBE-AZRTOS-G0.1.1.0
2025-11-17 16:07:03,633 [WARN] PackLoader:240 - Cannot read IP mode file for STMicroelectronics.X-CUBE-SAFEA1.1.2.2
2025-11-17 16:07:03,640 [WARN] PackLoader:240 - Cannot read IP mode file for STMicroelectronics.X-CUBE-NFC4.3.0.0
2025-11-17 16:07:03,653 [WARN] PackLoader:240 - Cannot read IP mode file for EmbeddedOffice.I-CUBE-FS-RTOS.1.0.1
2025-11-17 16:07:03,654 [ERROR] ConditionMgr:805 - Attr not supported : Dmpu
2025-11-17 16:07:03,654 [ERROR] ConditionMgr:805 - Attr not supported : Dmpu
2025-11-17 16:07:03,654 [ERROR] ConditionMgr:805 - Attr not supported : Dmpu
2025-11-17 16:07:03,654 [ERROR] ConditionMgr:805 - Attr not supported : Dmpu
2025-11-17 16:07:03,654 [ERROR] ConditionMgr:805 - Attr not supported : Dmpu
2025-11-17 16:07:03,654 [ERROR] ConditionMgr:805 - Attr not supported : Dmpu
2025-11-17 16:07:03,655 [ERROR] ConditionMgr:805 - Attr not supported : Dmpu
2025-11-17 16:07:03,655 [ERROR] ConditionMgr:805 - Attr not supported : Dmpu
2025-11-17 16:07:03,655 [ERROR] ConditionMgr:805 - Attr not supported : Dmpu
2025-11-17 16:07:03,655 [ERROR] ConditionMgr:805 - Attr not supported : Dmpu
2025-11-17 16:07:03,655 [ERROR] ConditionMgr:805 - Attr not supported : Dmpu
2025-11-17 16:07:03,655 [ERROR] ConditionMgr:805 - Attr not supported : Dmpu
2025-11-17 16:07:03,655 [ERROR] ConditionMgr:805 - Attr not supported : Dmpu
2025-11-17 16:07:03,655 [ERROR] ConditionMgr:805 - Attr not supported : Dmpu
2025-11-17 16:07:03,655 [ERROR] ConditionMgr:805 - Attr not supported : Dmpu
2025-11-17 16:07:03,655 [ERROR] ConditionMgr:805 - Attr not supported : Dmpu
2025-11-17 16:07:03,655 [ERROR] ConditionMgr:805 - Attr not supported : Dmpu
2025-11-17 16:07:03,656 [ERROR] ConditionMgr:805 - Attr not supported : Dmpu
2025-11-17 16:07:03,656 [ERROR] ConditionMgr:805 - Attr not supported : Dmpu
2025-11-17 16:07:03,656 [ERROR] ConditionMgr:805 - Attr not supported : Dmpu
2025-11-17 16:07:03,656 [ERROR] ConditionMgr:805 - Attr not supported : Dmpu
2025-11-17 16:07:03,656 [ERROR] ConditionMgr:805 - Attr not supported : Dmpu
2025-11-17 16:07:03,656 [ERROR] ConditionMgr:805 - Attr not supported : Dmpu
2025-11-17 16:07:03,656 [ERROR] ConditionMgr:805 - Attr not supported : Dmpu
2025-11-17 16:07:03,656 [ERROR] ConditionMgr:805 - Attr not supported : Dmpu
2025-11-17 16:07:03,656 [ERROR] ConditionMgr:805 - Attr not supported : Dmpu
2025-11-17 16:07:03,656 [ERROR] ConditionMgr:805 - Attr not supported : Dmpu
2025-11-17 16:07:03,656 [ERROR] ConditionMgr:805 - Attr not supported : Dmpu
2025-11-17 16:07:03,656 [ERROR] ConditionMgr:805 - Attr not supported : Dmpu
2025-11-17 16:07:03,657 [ERROR] ConditionMgr:805 - Attr not supported : Dmpu
2025-11-17 16:07:03,657 [ERROR] ConditionMgr:805 - Attr not supported : Dmpu
2025-11-17 16:07:03,657 [ERROR] ConditionMgr:805 - Attr not supported : Dmpu
2025-11-17 16:07:03,657 [ERROR] ConditionMgr:805 - Attr not supported : Dmpu
2025-11-17 16:07:03,657 [ERROR] ConditionMgr:805 - Attr not supported : Dmpu
2025-11-17 16:07:03,657 [ERROR] ConditionMgr:805 - Attr not supported : Dmpu
2025-11-17 16:07:03,658 [ERROR] ConditionMgr:805 - Attr not supported : Dmpu
2025-11-17 16:07:03,663 [ERROR] ConditionMgr:805 - Attr not supported : Dmpu
2025-11-17 16:07:03,663 [ERROR] ConditionMgr:805 - Attr not supported : Dmpu
2025-11-17 16:07:03,663 [ERROR] ConditionMgr:805 - Attr not supported : Dmpu
2025-11-17 16:07:03,663 [ERROR] ConditionMgr:805 - Attr not supported : Dmpu
2025-11-17 16:07:03,664 [ERROR] ConditionMgr:805 - Attr not supported : Dmpu
2025-11-17 16:07:03,664 [ERROR] ConditionMgr:805 - Attr not supported : Dmpu
2025-11-17 16:07:03,664 [ERROR] ConditionMgr:805 - Attr not supported : Dmpu
2025-11-17 16:07:03,664 [ERROR] ConditionMgr:805 - Attr not supported : Dmpu
2025-11-17 16:07:03,665 [ERROR] ConditionMgr:805 - Attr not supported : Dmpu
2025-11-17 16:07:03,665 [ERROR] ConditionMgr:805 - Attr not supported : Dmpu
2025-11-17 16:07:03,665 [ERROR] ConditionMgr:805 - Attr not supported : Dmpu
2025-11-17 16:07:03,665 [ERROR] ConditionMgr:805 - Attr not supported : Dmpu
2025-11-17 16:07:03,665 [ERROR] ConditionMgr:805 - Attr not supported : Dmpu
2025-11-17 16:07:03,665 [ERROR] ConditionMgr:805 - Attr not supported : Dmpu
2025-11-17 16:07:03,665 [ERROR] ConditionMgr:805 - Attr not supported : Dmpu
2025-11-17 16:07:03,665 [ERROR] ConditionMgr:805 - Attr not supported : Dmpu
2025-11-17 16:07:03,665 [ERROR] ConditionMgr:805 - Attr not supported : Dmpu
2025-11-17 16:07:03,665 [ERROR] ConditionMgr:805 - Attr not supported : Dmpu
2025-11-17 16:07:03,665 [ERROR] ConditionMgr:805 - Attr not supported : Dmpu
2025-11-17 16:07:03,666 [ERROR] ConditionMgr:805 - Attr not supported : Dmpu
2025-11-17 16:07:03,666 [ERROR] ConditionMgr:805 - Attr not supported : Dmpu
2025-11-17 16:07:03,666 [ERROR] ConditionMgr:805 - Attr not supported : Dmpu
2025-11-17 16:07:03,666 [ERROR] ConditionMgr:805 - Attr not supported : Dmpu
2025-11-17 16:07:03,666 [ERROR] ConditionMgr:805 - Attr not supported : Dmpu
2025-11-17 16:07:03,666 [ERROR] ConditionMgr:805 - Attr not supported : Dmpu
2025-11-17 16:07:03,666 [ERROR] ConditionMgr:805 - Attr not supported : Dmpu
2025-11-17 16:07:03,666 [ERROR] ConditionMgr:805 - Attr not supported : Dmpu
2025-11-17 16:07:03,667 [ERROR] ConditionMgr:805 - Attr not supported : Dmpu
2025-11-17 16:07:03,673 [WARN] PackLoader:240 - Cannot read IP mode file for STMicroelectronics.X-CUBE-WB05N.2.0.0
2025-11-17 16:07:03,677 [ERROR] Engine:466 - C:\Users\Student\.stm32cubemx\thirdparties\pdsc\STMicroelectronics.X-CUBE-TCPP.4.2.0.pdsc: PDSC version is not supported
2025-11-17 16:07:03,684 [WARN] PackLoader:240 - Cannot read IP mode file for RealThread.X-CUBE-RT-Thread_Nano.4.1.1
2025-11-17 16:07:03,690 [WARN] PackLoader:240 - Cannot read IP mode file for STMicroelectronics.FP-ATR-SIGFOX1.3.2.0
2025-11-17 16:07:03,695 [WARN] PackLoader:240 - Cannot read IP mode file for wolfSSL.I-CUBE-wolfSSL.5.7.2
2025-11-17 16:07:03,701 [WARN] ConditionMgr:438 - getConditionDescription Invalid condition id : Cortex-A Device cause : null
2025-11-17 16:07:03,718 [WARN] ConditionMgr:1039 - genDependencies : Invalid condition id : Cortex-A Device cause : null
2025-11-17 16:07:03,718 [WARN] ConditionMgr:1039 - genDependencies : Invalid condition id : Cortex-A Device cause : null
2025-11-17 16:07:03,719 [WARN] ConditionMgr:1039 - genDependencies : Invalid condition id : Cortex-A Device cause : null
2025-11-17 16:07:03,725 [WARN] PackLoader:240 - Cannot read IP mode file for STMicroelectronics.X-CUBE-EEPRMA1.5.1.0
2025-11-17 16:07:03,733 [WARN] PackLoader:240 - Cannot read IP mode file for ITTIA_DB.I-CUBE-ITTIADB.8.9.0
2025-11-17 16:07:03,737 [ERROR] Engine:466 - C:\Users\Student\.stm32cubemx\thirdparties\pdsc\STMicroelectronics.X-CUBE-ST67W61.1.0.0.pdsc: PDSC version is not supported
2025-11-17 16:07:03,742 [WARN] PackLoader:240 - Cannot read IP mode file for STMicroelectronics.X-CUBE-AI.10.2.0
2025-11-17 16:07:03,782 [WARN] PackLoader:240 - Cannot read IP mode file for SEGGER.I-CUBE-embOS.1.3.1
2025-11-17 16:07:03,829 [WARN] PackLoader:240 - Cannot read IP mode file for STMicroelectronics.X-CUBE-ALGOBUILD.1.4.0
2025-11-17 16:07:03,886 [WARN] PackLoader:240 - Cannot read IP mode file for STMicroelectronics.X-CUBE-MEMS1.11.3.0
2025-11-17 16:07:04,098 [WARN] PackLoader:240 - Cannot read IP mode file for STMicroelectronics.X-CUBE-AI.9.1.0
2025-11-17 16:07:04,104 [WARN] PackLoader:240 - Cannot read IP mode file for STMicroelectronics.X-CUBE-PM33A1.1.0.0
2025-11-17 16:07:04,123 [WARN] PackLoader:240 - Cannot read IP mode file for STMicroelectronics.X-CUBE-AZRTOS-F4.1.1.0
2025-11-17 16:07:04,128 [ERROR] Engine:466 - C:\Users\Student\.stm32cubemx\thirdparties\pdsc\Avnet-IotConnect.X-CUBE-IoTC-DA16k-PMOD.1.0.0.pdsc: PDSC version is not supported
2025-11-17 16:07:04,134 [WARN] PackLoader:240 - Cannot read IP mode file for STMicroelectronics.X-CUBE-ISPU.2.1.0
2025-11-17 16:07:04,141 [ERROR] Engine:466 - C:\Users\Student\.stm32cubemx\thirdparties\pdsc\STMicroelectronics.X-CUBE-IPS.3.2.0.pdsc: PDSC version is not supported
2025-11-17 16:07:04,146 [WARN] PackLoader:240 - Cannot read IP mode file for STMicroelectronics.X-CUBE-FREERTOS.1.2.0
2025-11-17 16:07:04,155 [WARN] PackLoader:240 - Cannot read IP mode file for STMicroelectronics.X-CUBE-NFC12.1.0.0
2025-11-17 16:07:04,175 [WARN] PackLoader:240 - Cannot read IP mode file for STMicroelectronics.X-CUBE-AZRTOS-L5.2.0.0
2025-11-17 16:07:04,186 [WARN] PackLoader:240 - Cannot read IP mode file for STMicroelectronics.X-CUBE-NFC6.3.1.0
2025-11-17 16:07:04,197 [WARN] PackLoader:240 - Cannot read IP mode file for STMicroelectronics.X-CUBE-DPower.1.2.0
2025-11-17 16:07:04,204 [WARN] PackLoader:240 - Cannot read IP mode file for STMicroelectronics.X-CUBE-FREERTOS.1.3.1
2025-11-17 16:07:04,209 [WARN] PackLoader:240 - Cannot read IP mode file for STMicroelectronics.X-CUBE-FREERTOS.1.3.0
2025-11-17 16:07:04,217 [WARN] PackLoader:240 - Cannot read IP mode file for STMicroelectronics.X-CUBE-NFC7.1.0.1
2025-11-17 16:07:04,225 [WARN] PackLoader:240 - Cannot read IP mode file for STMicroelectronics.X-CUBE-TOUCHGFX.4.26.0
2025-11-17 16:07:04,228 [ERROR] Engine:466 - C:\Users\Student\.stm32cubemx\thirdparties\pdsc\STMicroelectronics.FP-SNS-STAIOTCFT.1.0.0.pdsc: PDSC version is not supported
2025-11-17 16:07:04,233 [WARN] PackLoader:240 - Cannot read IP mode file for STMicroelectronics.X-CUBE-DPower.1.3.0
2025-11-17 16:07:04,256 [WARN] ConditionMgr:438 - getConditionDescription Invalid condition id : LAN8742 Phy interface Condition cause : null
2025-11-17 16:07:04,257 [WARN] PackLoader:240 - Cannot read IP mode file for STMicroelectronics.X-CUBE-AZRTOS-L4.2.0.0
2025-11-17 16:07:04,259 [WARN] ConditionMgr:1039 - genDependencies : Invalid condition id : LAN8742 Phy interface Condition cause : null
2025-11-17 16:07:04,259 [WARN] ConditionMgr:1039 - genDependencies : Invalid condition id : LAN8742 Phy interface Condition cause : null
2025-11-17 16:07:04,260 [WARN] ConditionMgr:1039 - genDependencies : Invalid condition id : LAN8742 Phy interface Condition cause : null
2025-11-17 16:07:04,271 [WARN] PackLoader:240 - Cannot read IP mode file for STMicroelectronics.X-CUBE-SFXS2LP1.4.0.0
2025-11-17 16:07:04,295 [WARN] PackLoader:240 - Cannot read IP mode file for STMicroelectronics.X-CUBE-AZRTOS-H7.3.3.0
2025-11-17 16:07:04,302 [ERROR] Engine:466 - C:\Users\Student\.stm32cubemx\thirdparties\pdsc\STMicroelectronics.X-CUBE-BLEMGR.4.1.0.pdsc: PDSC version is not supported
2025-11-17 16:07:04,312 [WARN] PackLoader:240 - Cannot read IP mode file for STMicroelectronics.X-CUBE-IPS.3.0.0
2025-11-17 16:07:04,328 [WARN] ConditionMgr:438 - getConditionDescription Invalid condition id : UX DEVICE CLASS RTOS Condition cause : null
2025-11-17 16:07:04,328 [WARN] ConditionMgr:438 - getConditionDescription Invalid condition id : UX DEVICE CLASS RTOS Condition cause : null
2025-11-17 16:07:04,330 [WARN] PackLoader:240 - Cannot read IP mode file for STMicroelectronics.X-CUBE-AZRTOS-WB.2.0.0
2025-11-17 16:07:04,331 [WARN] ConditionMgr:1039 - genDependencies : Invalid condition id : UX DEVICE CLASS RTOS Condition cause : null
2025-11-17 16:07:04,331 [WARN] ConditionMgr:1039 - genDependencies : Invalid condition id : UX DEVICE CLASS RTOS Condition cause : null
2025-11-17 16:07:04,332 [WARN] ConditionMgr:1039 - genDependencies : Invalid condition id : UX DEVICE CLASS RTOS Condition cause : null
2025-11-17 16:07:04,332 [WARN] ConditionMgr:1039 - genDependencies : Invalid condition id : UX DEVICE CLASS RTOS Condition cause : null
2025-11-17 16:07:04,332 [WARN] ConditionMgr:1039 - genDependencies : Invalid condition id : UX DEVICE CLASS RTOS Condition cause : null
2025-11-17 16:07:04,337 [WARN] PackLoader:240 - Cannot read IP mode file for STMicroelectronics.X-CUBE-GNSS1.7.0.0
2025-11-17 16:07:04,341 [WARN] PackLoader:240 - Cannot read IP mode file for STMicroelectronics.X-CUBE-GNSS1.7.0.1
2025-11-17 16:07:04,344 [WARN] PackLoader:240 - Cannot read IP mode file for STMicroelectronics.X-CUBE-TOUCHGFX.4.25.0
2025-11-17 16:07:04,351 [WARN] PackLoader:240 - Cannot read IP mode file for STMicroelectronics.FP-SNS-STBOX1.2.0.0
2025-11-17 16:07:04,362 [WARN] PackLoader:240 - Cannot read IP mode file for STMicroelectronics.X-CUBE-SUBG2.5.0.0
2025-11-17 16:07:04,380 [WARN] PackLoader:240 - Cannot read IP mode file for STMicroelectronics.X-CUBE-AZRTOS-H7RS.1.1.0
2025-11-17 16:07:04,387 [WARN] PackLoader:240 - Cannot read IP mode file for Cesanta.I-CUBE-Mongoose.7.13.0
2025-11-17 16:07:04,400 [WARN] PackLoader:240 - Cannot read IP mode file for STMicroelectronics.X-CUBE-AZRTOS-G4.2.0.0
2025-11-17 16:07:04,405 [WARN] PackLoader:240 - Cannot read IP mode file for STMicroelectronics.X-CUBE-NFC7.2.0.0
2025-11-17 16:07:04,409 [ERROR] Engine:466 - C:\Users\Student\.stm32cubemx\thirdparties\pdsc\STMicroelectronics.X-CUBE-IPS.3.1.0.pdsc: PDSC version is not supported
2025-11-17 16:07:04,413 [WARN] PackLoader:240 - Cannot read IP mode file for STMicroelectronics.X-CUBE-ALS.1.0.2
2025-11-17 16:07:04,417 [WARN] PackLoader:240 - Cannot read IP mode file for STMicroelectronics.X-CUBE-TOUCHGFX.4.24.2
2025-11-17 16:07:04,419 [WARN] PackLoader:240 - Cannot read IP mode file for STMicroelectronics.X-CUBE-TOUCHGFX.4.24.1
2025-11-17 16:07:04,424 [WARN] PackLoader:240 - Cannot read IP mode file for STMicroelectronics.X-CUBE-STSE01.1.0.0
2025-11-17 16:07:04,429 [WARN] PackLoader:240 - Cannot read IP mode file for wolfSSL.I-CUBE-wolfTPM.3.4.0
2025-11-17 16:07:04,434 [WARN] PackLoader:240 - Cannot read IP mode file for portGmbH.I-Cube-SoM-uGOAL.1.1.0
2025-11-17 16:07:04,446 [WARN] PackLoader:240 - Cannot read IP mode file for STMicroelectronics.X-CUBE-AZRTOS-H7RS.1.0.0
2025-11-17 16:07:04,451 [WARN] PackLoader:240 - Cannot read IP mode file for STMicroelectronics.FP-ATR-ASTRA1.2.0.0
2025-11-17 16:07:04,459 [WARN] PackLoader:240 - Cannot read IP mode file for STMicroelectronics.X-CUBE-TOF1.3.4.2
2025-11-17 16:07:04,469 [ERROR] Engine:466 - C:\Users\Student\.stm32cubemx\thirdparties\pdsc\STMicroelectronics.X-CUBE-TOF1.3.4.3.pdsc: PDSC version is not supported
2025-11-17 16:07:04,486 [WARN] PackLoader:240 - Cannot read IP mode file for Infineon.AIROC-Wi-Fi-Bluetooth-STM32.1.6.1
2025-11-17 16:07:04,491 [WARN] PackLoader:240 - Cannot read IP mode file for wolfSSL.I-CUBE-wolfSSH.1.4.17
2025-11-17 16:07:04,492 [INFO] ThirdParty:978 - Integrity check success = true
2025-11-17 16:07:04,492 [INFO] IntegrityCheckThread:100 - exiting critical section [integrity check]
2025-11-17 16:07:04,492 [INFO] IntegrityCheckThread:103 - End integrity checks thread
2025-11-17 16:07:33,551 [INFO] Activator:176 - 


2025-11-17 16:07:33,553 [INFO] Activator:177 - !SESSION log4j initialized
2025-11-17 16:07:37,027 [INFO] LogOutputStream:77 - [STDOUT_REDIRECT] 
2025-11-17 16:07:38,543 [INFO] ApplicationProperties:184 - Using Application install path: C:\ST\STM32CubeIDE_1.10.1\STM32CubeIDE\plugins\com.st.stm32cube.common.mx_6.12.1.202409122256
2025-11-17 16:07:38,561 [INFO] DbMcusXml:78 - Set database path to: C:\ST\STM32CubeIDE_1.10.1\STM32CubeIDE\plugins\com.st.stm32cube.common.mx_6.12.1.202409122256\\db\/mcu/
2025-11-17 16:07:38,562 [INFO] ApiDb:274 - Set plugin database path to: C:\ST\STM32CubeIDE_1.10.1\STM32CubeIDE\plugins\com.st.stm32cube.common.mx_6.12.1.202409122256\\db\/plugins/boardmanager/
2025-11-17 16:07:38,562 [WARN] ApiDb:259 - Overriding images path with different value:  => C:\ST\STM32CubeIDE_1.10.1\STM32CubeIDE\plugins\com.st.stm32cube.common.mx_6.12.1.202409122256\\db\/plugins/mcufinder/images/
2025-11-17 16:07:38,569 [INFO] ApiDb:250 - Set database path to: C:\Users\Student\.stmcufinder\plugins\mcufinder//mcu/
2025-11-17 16:07:38,570 [INFO] DbMcusAds:125 - Set database path to: C:\Users\Student\.stmcufinder\plugins\mcufinder//mcu/
2025-11-17 16:07:38,572 [INFO] CrossReferenceDbSqlite:203 - Set database path to: C:\Users\Student\.stmcufinder\plugins\mcufinder//mcu/cs/
2025-11-17 16:07:38,689 [INFO] RulesReader:64 - Compatibility file has been processed (297 Rules)
2025-11-17 16:07:38,795 [INFO] DbMcusXml:78 - Set database path to: C:\ST\STM32CubeIDE_1.10.1\STM32CubeIDE\plugins\com.st.stm32cube.common.mx_6.12.1.202409122256\\db\/mcu/
2025-11-17 16:07:38,795 [INFO] ApiDb:274 - Set plugin database path to: C:\ST\STM32CubeIDE_1.10.1\STM32CubeIDE\plugins\com.st.stm32cube.common.mx_6.12.1.202409122256\\db\/plugins/boardmanager/
2025-11-17 16:07:38,796 [INFO] ApiDb:261 - Set plugin images path to: C:\ST\STM32CubeIDE_1.10.1\STM32CubeIDE\plugins\com.st.stm32cube.common.mx_6.12.1.202409122256\\db\/plugins/mcufinder/images/
2025-11-17 16:07:38,796 [WARN] DbFile:41 - Overriding database path with different value: C:\Users\Student\.stmcufinder\plugins\mcufinder/ => C:\Users\Student\.stmcufinder\plugins\mcufinder
2025-11-17 16:07:38,796 [INFO] ApiDb:250 - Set database path to: C:\Users\Student\.stmcufinder\plugins\mcufinder//mcu/
2025-11-17 16:07:38,796 [WARN] DbFile:41 - Overriding database path with different value: C:\Users\Student\.stmcufinder\plugins\mcufinder/ => C:\Users\Student\.stmcufinder\plugins\mcufinder
2025-11-17 16:07:38,796 [INFO] DbMcusAds:125 - Set database path to: C:\Users\Student\.stmcufinder\plugins\mcufinder//mcu/
2025-11-17 16:07:38,796 [WARN] DbFile:41 - Overriding database path with different value: C:\Users\Student\.stmcufinder\plugins\mcufinder/ => C:\Users\Student\.stmcufinder\plugins\mcufinder
2025-11-17 16:07:38,796 [WARN] DbFile:41 - Overriding database path with different value: C:\Users\Student\.stmcufinder\plugins\mcufinder/ => C:\Users\Student\.stmcufinder\plugins\mcufinder
2025-11-17 16:07:38,797 [INFO] CrossReferenceDbSqlite:203 - Set database path to: C:\Users\Student\.stmcufinder\plugins\mcufinder//mcu/cs/
2025-11-17 16:07:38,905 [INFO] MainPanel:268 - HeapMemory: 268435456
2025-11-17 16:07:39,025 [INFO] DbMcusXml:78 - Set database path to: C:\ST\STM32CubeIDE_1.10.1\STM32CubeIDE\plugins\com.st.stm32cube.common.mx_6.12.1.202409122256\\db\/mcu/
2025-11-17 16:07:39,025 [INFO] ApiDb:274 - Set plugin database path to: C:\ST\STM32CubeIDE_1.10.1\STM32CubeIDE\plugins\com.st.stm32cube.common.mx_6.12.1.202409122256\\db\/plugins/boardmanager/
2025-11-17 16:07:39,025 [INFO] ApiDb:261 - Set plugin images path to: C:\ST\STM32CubeIDE_1.10.1\STM32CubeIDE\plugins\com.st.stm32cube.common.mx_6.12.1.202409122256\\db\/plugins/mcufinder/images/
2025-11-17 16:07:39,026 [WARN] DbFile:41 - Overriding database path with different value: C:\Users\Student\.stmcufinder\plugins\mcufinder/ => C:\Users\Student\.stmcufinder\plugins\mcufinder
2025-11-17 16:07:39,026 [INFO] ApiDb:250 - Set database path to: C:\Users\Student\.stmcufinder\plugins\mcufinder//mcu/
2025-11-17 16:07:39,026 [WARN] DbFile:41 - Overriding database path with different value: C:\Users\Student\.stmcufinder\plugins\mcufinder/ => C:\Users\Student\.stmcufinder\plugins\mcufinder
2025-11-17 16:07:39,026 [INFO] DbMcusAds:125 - Set database path to: C:\Users\Student\.stmcufinder\plugins\mcufinder//mcu/
2025-11-17 16:07:39,026 [WARN] DbFile:41 - Overriding database path with different value: C:\Users\Student\.stmcufinder\plugins\mcufinder/ => C:\Users\Student\.stmcufinder\plugins\mcufinder
2025-11-17 16:07:39,026 [WARN] DbFile:41 - Overriding database path with different value: C:\Users\Student\.stmcufinder\plugins\mcufinder/ => C:\Users\Student\.stmcufinder\plugins\mcufinder
2025-11-17 16:07:39,027 [INFO] CrossReferenceDbSqlite:203 - Set database path to: C:\Users\Student\.stmcufinder\plugins\mcufinder//mcu/cs/
2025-11-17 16:07:39,050 [INFO] ApplicationProperties:184 - Using Application install path: C:\ST\STM32CubeIDE_1.10.1\STM32CubeIDE\plugins\com.st.stm32cube.common.mx_6.12.1.202409122256
2025-11-17 16:07:39,053 [INFO] PluginManage:196 - Search for loadable plugins [exclusion list=, ]
2025-11-17 16:07:39,055 [INFO] PluginManage:310 - Check plugin analytics
2025-11-17 16:07:39,411 [INFO] AnalyticsPlugin:253 - Accepted Software Licenses: 
2025-11-17 16:07:39,411 [INFO] AnalyticsPlugin:255 - Accepted CMSIS Pack Licenses: 
2025-11-17 16:07:39,411 [INFO] AnalyticsPlugin:257 - Accepted Firmware Licenses: 
2025-11-17 16:07:39,415 [INFO] PluginManage:359 - Loaded plugin analytics (category:tool,tabindex:-1)
2025-11-17 16:07:39,416 [INFO] PluginManage:310 - Check plugin cadmodel
2025-11-17 16:07:39,423 [INFO] CADModel:105 - Init CAD model plugin
2025-11-17 16:07:39,423 [INFO] PluginManage:359 - Loaded plugin cadmodel (category:power,tabindex:5)
2025-11-17 16:07:39,423 [INFO] PluginManage:310 - Check plugin clock
2025-11-17 16:07:39,441 [INFO] PluginManage:359 - Loaded plugin clock (category:base,tabindex:2)
2025-11-17 16:07:39,441 [INFO] PluginManage:310 - Check plugin ddr
2025-11-17 16:07:39,444 [INFO] PluginManage:359 - Loaded plugin ddr (category:tool,tabindex:6)
2025-11-17 16:07:39,444 [INFO] PluginManage:310 - Check plugin filemanager
2025-11-17 16:07:39,626 [INFO] PluginManage:359 - Loaded plugin filemanager (category:base,tabindex:10)
2025-11-17 16:07:39,627 [INFO] PluginManage:310 - Check plugin ipmanager
2025-11-17 16:07:39,639 [INFO] PluginManage:359 - Loaded plugin ipmanager (category:base,tabindex:5)
2025-11-17 16:07:39,639 [INFO] PluginManage:310 - Check plugin lpbam
2025-11-17 16:07:39,649 [INFO] PluginManage:359 - Loaded plugin lpbam (category:base,tabindex:0)
2025-11-17 16:07:39,649 [INFO] PluginManage:310 - Check plugin memorymap
2025-11-17 16:07:39,666 [INFO] PluginManage:359 - Loaded plugin memorymap (category:base,tabindex:4)
2025-11-17 16:07:39,666 [INFO] PluginManage:310 - Check plugin pinoutandconfiguration
2025-11-17 16:07:39,673 [INFO] PluginManage:359 - Loaded plugin pinoutandconfiguration (category:base,tabindex:1)
2025-11-17 16:07:39,673 [INFO] PluginManage:310 - Check plugin pinoutconfig
2025-11-17 16:07:39,755 [WARN] SupportedApi:132 - Cannot load RTOS API schema: s4s-elt-must-match.1: The content of 'definitions' must match (annotation?, (simpleType | complexType)?, (unique | key | keyref)*)). A problem was found starting at: attribute.
2025-11-17 16:07:39,764 [ERROR] SupportedApi:80 - Unable to load RTOS API definitions folder: Module has been uninstalled. osgi.identity; type="osgi.bundle"; version:Version="6.12.1.202409122256"; osgi.identity="com.st.stm32cube.common.mx"; singleton:="true" [id=1111]
